<?xml version="1.0" encoding="UTF-8"?>
<testsuites>
  <testsuite name="MageMockTest" file="/Users/jsiefer/Git/mage-mock/tests/MageMockTest.php" tests="5" assertions="8" failures="0" errors="0" time="0.041112">
    <testcase name="testModelMocking" class="MageMockTest" file="/Users/jsiefer/Git/mage-mock/tests/MageMockTest.php" line="49" assertions="1" time="0.027369"/>
    <testcase name="testCustomModel" class="MageMockTest" file="/Users/jsiefer/Git/mage-mock/tests/MageMockTest.php" line="64" assertions="2" time="0.002508"/>
    <testcase name="testMethodMocking" class="MageMockTest" file="/Users/jsiefer/Git/mage-mock/tests/MageMockTest.php" line="80" assertions="2" time="0.005523"/>
    <testcase name="testProtectedMethods" class="MageMockTest" file="/Users/jsiefer/Git/mage-mock/tests/MageMockTest.php" line="95" assertions="1" time="0.002532"/>
    <testcase name="testMageShouldThrowException" class="MageMockTest" file="/Users/jsiefer/Git/mage-mock/tests/MageMockTest.php" line="114" assertions="2" time="0.003180"/>
  </testsuite>
</testsuites>
